Log file open, 11/05/18 08:59:44
LogWindows: Failed to load 'aqProf.dll' (GetLastError=126)
LogWindows: File 'aqProf.dll' does not exist
LogWindows: Failed to load 'VtuneApi.dll' (GetLastError=126)
LogWindows: File 'VtuneApi.dll' does not exist
LogWindows: Failed to load 'VtuneApi32e.dll' (GetLastError=126)
LogWindows: File 'VtuneApi32e.dll' does not exist
LogInit: Display: Running engine for game: JamCraft
LogPlatformFile: Not using cached read wrapper
LogTaskGraph: Started task graph with 5 named threads and 14 total threads with 3 sets of task threads.
LogStats: Stats thread started at 0.181084
LogD3D11RHI: Loaded GFSDK_Aftermath_Lib.x64.dll
LogICUInternationalization: Display: ICU TimeZone Detection - Raw Offset: +0:00, Platform Override: ''
LogPluginManager: Mounting plugin Paper2D
LogPluginManager: Mounting plugin AISupport
LogPluginManager: Mounting plugin LightPropagationVolume
LogPluginManager: Mounting plugin CLionSourceCodeAccess
LogPluginManager: Mounting plugin CodeLiteSourceCodeAccess
LogPluginManager: Mounting plugin GitSourceControl
LogPluginManager: Mounting plugin KDevelopSourceCodeAccess
LogPluginManager: Mounting plugin NullSourceCodeAccess
LogPluginManager: Mounting plugin PerforceSourceControl
LogPluginManager: Mounting plugin SubversionSourceControl
LogPluginManager: Mounting plugin UObjectPlugin
LogPluginManager: Mounting plugin VisualStudioCodeSourceCodeAccess
LogPluginManager: Mounting plugin VisualStudioSourceCodeAccess
LogPluginManager: Mounting plugin XCodeSourceCodeAccess
LogPluginManager: Mounting plugin AssetManagerEditor
LogPluginManager: Mounting plugin CryptoKeys
LogPluginManager: Mounting plugin DataValidation
LogPluginManager: Mounting plugin FacialAnimation
LogPluginManager: Mounting plugin GameplayTagsEditor
LogPluginManager: Mounting plugin MacGraphicsSwitching
LogPluginManager: Mounting plugin MeshEditor
LogPluginManager: Mounting plugin MobileLauncherProfileWizard
LogPluginManager: Mounting plugin PluginBrowser
LogPluginManager: Mounting plugin SpeedTreeImporter
LogPluginManager: Mounting plugin DatasmithContent
LogPluginManager: Mounting plugin AlembicImporter
LogPluginManager: Mounting plugin AppleImageUtils
LogPluginManager: Mounting plugin AppleVision
LogPluginManager: Mounting plugin BackChannel
LogPluginManager: Mounting plugin CharacterAI
LogPluginManager: Mounting plugin GeometryCache
LogPluginManager: Mounting plugin HTML5Networking
LogPluginManager: Mounting plugin ProxyLODPlugin
LogPluginManager: Mounting plugin MagicLeap
LogPluginManager: Mounting plugin MagicLeapEmulator
LogPluginManager: Mounting plugin MagicLeapMedia
LogPluginManager: Mounting plugin AndroidMedia
LogPluginManager: Mounting plugin AvfMedia
LogPluginManager: Mounting plugin ImgMedia
LogPluginManager: Mounting plugin LinearTimecode
LogPluginManager: Mounting plugin MediaCompositing
LogPluginManager: Mounting plugin MediaPlayerEditor
LogPluginManager: Mounting plugin WmfMedia
LogPluginManager: Mounting plugin TcpMessaging
LogPluginManager: Mounting plugin UdpMessaging
LogPluginManager: Mounting plugin ActorSequence
LogPluginManager: Mounting plugin LevelSequenceEditor
LogPluginManager: Mounting plugin MatineeToLevelSequence
LogPluginManager: Mounting plugin NetcodeUnitTest
LogPluginManager: Mounting plugin NUTUnrealEngine4
LogPluginManager: Mounting plugin OnlineSubsystemGooglePlay
LogPluginManager: Mounting plugin OnlineSubsystemIOS
LogPluginManager: Mounting plugin OnlineSubsystem
LogPluginManager: Mounting plugin OnlineSubsystemNull
LogPluginManager: Mounting plugin OnlineSubsystemUtils
LogPluginManager: Mounting plugin LauncherChunkInstaller
LogPluginManager: Mounting plugin AndroidDeviceProfileSelector
LogPluginManager: Mounting plugin AndroidMoviePlayer
LogPluginManager: Mounting plugin AndroidPermission
LogPluginManager: Mounting plugin AppleMoviePlayer
LogPluginManager: Mounting plugin ArchVisCharacter
LogPluginManager: Mounting plugin AudioCapture
LogPluginManager: Mounting plugin CableComponent
LogPluginManager: Mounting plugin CustomMeshComponent
LogPluginManager: Mounting plugin EditableMesh
LogPluginManager: Mounting plugin ExampleDeviceProfileSelector
LogPluginManager: Mounting plugin GoogleCloudMessaging
LogPluginManager: Mounting plugin ImmediatePhysics
LogPluginManager: Mounting plugin IOSDeviceProfileSelector
LogPluginManager: Mounting plugin LinuxDeviceProfileSelector
LogPluginManager: Mounting plugin LocationServicesBPLibrary
LogPluginManager: Mounting plugin MobilePatchingUtils
LogPluginManager: Mounting plugin OculusVR
LogPluginManager: Plugin shader directory ../../../Engine/Plugins/Runtime/Oculus/OculusVR/Shaders found
LogPluginManager: Mapping shader source directory ../../../Engine/Plugins/Runtime/Oculus/OculusVR/Shaders to virtual directory /Plugin/OculusVR
LogPluginManager: Mounting plugin PhysXVehicles
LogPluginManager: Mounting plugin ProceduralMeshComponent
LogPluginManager: Mounting plugin RuntimePhysXCooking
LogPluginManager: Mounting plugin SteamVR
LogPluginManager: Mounting plugin WindowsMoviePlayer
LogStreaming: Display: Took  0.302s to configure plugins.
LogInit: Using libcurl 7.55.1-DEV
LogInit:  - built for x86_64-pc-win32
LogInit:  - supports SSL with OpenSSL/1.0.2h
LogInit:  - supports HTTP deflate (compression) using libz 1.2.8
LogInit:  - other features:
LogInit:      CURL_VERSION_SSL
LogInit:      CURL_VERSION_LIBZ
LogInit:      CURL_VERSION_IPV6
LogInit:      CURL_VERSION_ASYNCHDNS
LogInit:      CURL_VERSION_LARGEFILE
LogInit:      CURL_VERSION_IDN
LogInit:  CurlRequestOptions (configurable via config and command line):
LogInit:  - bVerifyPeer = false  - Libcurl will NOT verify peer certificate
LogInit:  - bUseHttpProxy = false  - Libcurl will NOT use HTTP proxy
LogInit:  - bDontReuseConnections = false  - Libcurl will reuse connections
LogInit:  - CertBundlePath = nullptr  - Libcurl will use whatever was configured at build time.
LogInit:  - MaxHostConnections = 16  - Libcurl will limit the number of connections to a host
LogInit:  - LocalHostAddr = Default
LogInit:  - BufferSize = 65536
LogInit: WinSock: version 1.1 (2.2), MaxSocks=32767, MaxUdp=65467
LogInit: Build: ++UE4+Release-4.20-CL-4369336
LogInit: Engine Version: 4.20.3-4369336+++UE4+Release-4.20
LogInit: Compatible Engine Version: 4.20.0-4212847+++UE4+Release-4.20
LogInit: Net CL: 4212847
LogInit: OS: Windows 10 (), CPU: Intel(R) Core(TM) i5-7500 CPU @ 3.40GHz, GPU: NVIDIA GeForce GTX 1080 Ti
LogInit: Compiled (64-bit): Sep 17 2018 12:26:19
LogInit: Compiled with Visual C++: 19.13.26129.00
LogInit: Build Configuration: Development
LogInit: Branch Name: ++UE4+Release-4.20
LogInit: Command Line:  
LogInit: Base Directory: D:/UE_4.20/Engine/Binaries/Win64/
LogInit: Installed Engine Build: 1
LogDevObjectVersion: Number of dev versions registered: 20
LogDevObjectVersion:   Dev-Blueprints (B0D832E4-1F89-4F0D-ACCF-7EB736FD4AA2): 10
LogDevObjectVersion:   Dev-Build (E1C64328-A22C-4D53-A36C-8E866417BD8C): 0
LogDevObjectVersion:   Dev-Core (375EC13C-06E4-48FB-B500-84F0262A717E): 2
LogDevObjectVersion:   Dev-Editor (E4B068ED-F494-42E9-A231-DA0B2E46BB41): 24
LogDevObjectVersion:   Dev-Framework (CFFC743F-43B0-4480-9391-14DF171D2073): 34
LogDevObjectVersion:   Dev-Mobile (B02B49B5-BB20-44E9-A304-32B752E40360): 2
LogDevObjectVersion:   Dev-Networking (A4E4105C-59A1-49B5-A7C5-40C4547EDFEE): 0
LogDevObjectVersion:   Dev-Online (39C831C9-5AE6-47DC-9A44-9C173E1C8E7C): 0
LogDevObjectVersion:   Dev-Physics (78F01B33-EBEA-4F98-B9B4-84EACCB95AA2): 0
LogDevObjectVersion:   Dev-Platform (6631380F-2D4D-43E0-8009-CF276956A95A): 0
LogDevObjectVersion:   Dev-Rendering (12F88B9F-8875-4AFC-A67C-D90C383ABD29): 26
LogDevObjectVersion:   Dev-Sequencer (7B5AE74C-D270-4C10-A958-57980B212A5A): 9
LogDevObjectVersion:   Dev-VR (D7296918-1DD6-4BDD-9DE2-64A83CC13884): 2
LogDevObjectVersion:   Dev-LoadTimes (C2A15278-BFE7-4AFE-6C17-90FF531DF755): 1
LogDevObjectVersion:   Private-Geometry (6EACA3D4-40EC-4CC1-B786-8BED09428FC5): 3
LogDevObjectVersion:   Dev-AnimPhys (29E575DD-E0A3-4627-9D10-D276232CDCEA): 17
LogDevObjectVersion:   Dev-ReflectionCapture (6B266CEC-1EC7-4B8F-A30B-E4D90942FC07): 1
LogDevObjectVersion:   Dev-Automation (0DF73D61-A23F-47EA-B727-89E90C41499A): 1
LogDevObjectVersion:   FortniteMain (601D1886-AC64-4F84-AA16-D3DE0DEAC7D6): 12
LogDevObjectVersion:   Dev-Enterprise (9DFFBCD6-494F-0158-E221-12823C92A888): 1
LogStreaming: Display: Took  0.003s to delete old logs.
LogInit: Presizing for max 8388607 objects, including 0 objects not considered by GC, pre-allocating 0 bytes for permanent pool.
LogInit: Object subsystem initialized
[2018.11.05-08.59.44:635][  0]LogInit: Selected Device Profile: [Windows]
[2018.11.05-08.59.44:636][  0]LogInit: Applying CVar settings loaded from the selected device profile: [Windows]
[2018.11.05-08.59.44:645][  0]LogHAL: Display: Platform has ~ 32 GB [34309857280 / 34359738368 / 32], which maps to Largest [LargestMinGB=32, LargerMinGB=12, DefaultMinGB=8, SmallerMinGB=6, SmallestMinGB=0)
[2018.11.05-08.59.44:647][  0]LogInit: Setting Device Profile CVar: [[r.Vulkan.UseRealUBs:1]]
[2018.11.05-08.59.44:647][  0]LogInit: Going up to parent DeviceProfile []
[2018.11.05-08.59.44:650][  0]LogInit: Computer: JEEVES
[2018.11.05-08.59.44:650][  0]LogInit: User: lewis
[2018.11.05-08.59.44:650][  0]LogInit: CPU Page size=4096, Cores=4
[2018.11.05-08.59.44:650][  0]LogInit: High frequency timer resolution =3.328125 MHz
[2018.11.05-08.59.44:650][  0]LogMemory: Memory total: Physical=32.0GB (32GB approx)
[2018.11.05-08.59.44:650][  0]LogMemory: Platform Memory Stats for Windows
[2018.11.05-08.59.44:650][  0]LogMemory: Process Physical Memory: 101.25 MB used, 101.25 MB peak
[2018.11.05-08.59.44:650][  0]LogMemory: Process Virtual Memory: 92.23 MB used, 92.23 MB peak
[2018.11.05-08.59.44:650][  0]LogMemory: Physical Memory: 6039.14 MB used,  26681.29 MB free, 32720.43 MB total
[2018.11.05-08.59.44:650][  0]LogMemory: Virtual Memory: 4628.59 MB used,  26681.29 MB free, 134217728.00 MB total
[2018.11.05-08.59.44:778][  0]LogInit: Using OS detected language (en-US).
[2018.11.05-08.59.44:778][  0]LogInit: Using OS detected locale (en-GB).
[2018.11.05-08.59.44:782][  0]LogTextLocalizationManager: No specific localization for 'en-US' exists, so the 'en' localization will be used.
[2018.11.05-08.59.45:157][  0]LogStreaming: Display: Took  0.379s to InitEngineTextLocalization.
[2018.11.05-08.59.45:157][  0]LogInit: Setting process to per monitor DPI aware
[2018.11.05-08.59.45:217][  0]LogSlate: New Slate User Created.  User Index 0, Is Virtual User: 0
[2018.11.05-08.59.45:217][  0]LogSlate: Slate User Registered.  User Index 0, Is Virtual User: 0
[2018.11.05-08.59.45:542][  0]LogHMD: Failed to initialize OpenVR with code 110
[2018.11.05-08.59.45:542][  0]LogD3D11RHI: D3D11 adapters:
[2018.11.05-08.59.45:620][  0]LogD3D11RHI:    0. 'NVIDIA GeForce GTX 1080 Ti' (Feature Level 11_0)
[2018.11.05-08.59.45:620][  0]LogD3D11RHI:       11127/0/16360 MB DedicatedVideo/DedicatedSystem/SharedSystem, Outputs:1, VendorId:0x10de
[2018.11.05-08.59.45:622][  0]LogD3D11RHI:    1. 'Microsoft Basic Render Driver' (Feature Level 11_0)
[2018.11.05-08.59.45:622][  0]LogD3D11RHI:       0/0/16360 MB DedicatedVideo/DedicatedSystem/SharedSystem, Outputs:0, VendorId:0x1414
[2018.11.05-08.59.45:622][  0]LogD3D11RHI: Chosen D3D11 Adapter: 0
[2018.11.05-08.59.45:630][  0]LogD3D11RHI: Creating new Direct3DDevice
[2018.11.05-08.59.45:630][  0]LogD3D11RHI:     GPU DeviceId: 0x1b06 (for the marketing name, search the web for "GPU Device Id")
[2018.11.05-08.59.45:630][  0]LogWindows: EnumDisplayDevices:
[2018.11.05-08.59.45:631][  0]LogWindows:    0. 'NVIDIA GeForce GTX 1080 Ti' (P:1 D:1)
[2018.11.05-08.59.45:631][  0]LogWindows:    1. 'NVIDIA GeForce GTX 1080 Ti' (P:0 D:0)
[2018.11.05-08.59.45:631][  0]LogWindows:    2. 'NVIDIA GeForce GTX 1080 Ti' (P:0 D:0)
[2018.11.05-08.59.45:631][  0]LogWindows:    3. 'NVIDIA GeForce GTX 1080 Ti' (P:0 D:0)
[2018.11.05-08.59.45:631][  0]LogWindows: DebugString: FoundDriverCount:4 
[2018.11.05-08.59.45:631][  0]LogD3D11RHI:     Adapter Name: NVIDIA GeForce GTX 1080 Ti
[2018.11.05-08.59.45:632][  0]LogD3D11RHI:   Driver Version: 398.36 (internal:24.21.13.9836, unified:398.36)
[2018.11.05-08.59.45:632][  0]LogD3D11RHI:      Driver Date: 6-24-2018
[2018.11.05-08.59.45:632][  0]LogRHI: Texture pool is 7788 MB (70% of 11127 MB)
[2018.11.05-08.59.45:674][  0]LogD3D11RHI: Async texture creation enabled
[2018.11.05-08.59.45:727][  0]LogD3D11RHI: GPU Timing Frequency: 1000.000000 (Debug: 2 2)
[2018.11.05-08.59.45:781][  0]LogShaderCompilers: Guid format shader working directory is -6 characters bigger than the processId version (../../../../UE4 Current Projects/JamCraft2/JamCraft/Intermediate/Shaders/WorkingDirectory/11228/).
[2018.11.05-08.59.45:781][  0]LogShaderCompilers: Cleaned the shader compiler working directory 'C:/Users/lewis/AppData/Local/Temp/UnrealShaderWorkingDir/5F13705744AE091B2B32C9BC5D20C3F7/'.
[2018.11.05-08.59.46:068][  0]LogTemp: Display: Loaded TP AllDesktopTargetPlatform
[2018.11.05-08.59.46:081][  0]LogTemp: Display: Loaded TP MacClientTargetPlatform
[2018.11.05-08.59.46:093][  0]LogTemp: Display: Loaded TP MacNoEditorTargetPlatform
[2018.11.05-08.59.46:107][  0]LogTemp: Display: Loaded TP MacServerTargetPlatform
[2018.11.05-08.59.46:122][  0]LogTemp: Display: Loaded TP MacTargetPlatform
[2018.11.05-08.59.46:136][  0]LogTemp: Display: Loaded TP WindowsClientTargetPlatform
[2018.11.05-08.59.46:150][  0]LogTemp: Display: Loaded TP WindowsNoEditorTargetPlatform
[2018.11.05-08.59.46:163][  0]LogTemp: Display: Loaded TP WindowsServerTargetPlatform
[2018.11.05-08.59.46:171][  0]LogTemp: Display: Loaded TP WindowsTargetPlatform
[2018.11.05-08.59.46:243][  0]LogTemp: Display: Loaded TP AndroidTargetPlatform
[2018.11.05-08.59.46:243][  0]LogTemp: Display: Loaded TP AndroidTargetPlatform
[2018.11.05-08.59.46:243][  0]LogTemp: Display: Loaded TP AndroidTargetPlatform
[2018.11.05-08.59.46:243][  0]LogTemp: Display: Loaded TP AndroidTargetPlatform
[2018.11.05-08.59.46:243][  0]LogTemp: Display: Loaded TP AndroidTargetPlatform
[2018.11.05-08.59.46:243][  0]LogTemp: Display: Loaded TP AndroidTargetPlatform
[2018.11.05-08.59.46:243][  0]LogTemp: Display: Loaded TP AndroidTargetPlatform
[2018.11.05-08.59.46:243][  0]LogTemp: Display: Loaded TP AndroidTargetPlatform
[2018.11.05-08.59.46:243][  0]LogTemp: Display: Loaded TP AndroidTargetPlatform
[2018.11.05-08.59.46:243][  0]LogTemp: Display: Loaded TP AndroidTargetPlatform
[2018.11.05-08.59.46:243][  0]LogTemp: Display: Loaded TP AndroidTargetPlatform
[2018.11.05-08.59.46:243][  0]LogTemp: Display: Loaded TP AndroidTargetPlatform
[2018.11.05-08.59.46:243][  0]LogTemp: Display: Loaded TP AndroidTargetPlatform
[2018.11.05-08.59.46:243][  0]LogTemp: Display: Loaded TP AndroidTargetPlatform
[2018.11.05-08.59.46:243][  0]LogTemp: Display: Loaded TP AndroidTargetPlatform
[2018.11.05-08.59.46:243][  0]LogTemp: Display: Loaded TP AndroidTargetPlatform
[2018.11.05-08.59.46:243][  0]LogTemp: Display: Loaded TP AndroidTargetPlatform
[2018.11.05-08.59.46:243][  0]LogTemp: Display: Loaded TP AndroidTargetPlatform
[2018.11.05-08.59.46:246][  0]LogTemp: Display: Loaded TP HTML5TargetPlatform
[2018.11.05-08.59.46:310][  0]LogTemp: Display: Loaded TP IOSTargetPlatform
[2018.11.05-08.59.46:310][  0]LogTemp: Display: Loaded TP IOSTargetPlatform
[2018.11.05-08.59.46:332][  0]LogTemp: Display: Loaded TP TVOSTargetPlatform
[2018.11.05-08.59.46:332][  0]LogTemp: Display: Loaded TP TVOSTargetPlatform
[2018.11.05-08.59.46:346][  0]LogTemp: Display: Loaded TP LinuxClientTargetPlatform
[2018.11.05-08.59.46:360][  0]LogTemp: Display: Loaded TP LinuxNoEditorTargetPlatform
[2018.11.05-08.59.46:374][  0]LogTemp: Display: Loaded TP LinuxServerTargetPlatform
[2018.11.05-08.59.46:388][  0]LogTemp: Display: Loaded TP LinuxTargetPlatform
[2018.11.05-08.59.46:398][  0]LogTemp: Display: Loaded TP LuminTargetPlatform
[2018.11.05-08.59.46:398][  0]LogTargetPlatformManager: Display: Building Assets For Windows
[2018.11.05-08.59.46:514][  0]LogXGEController: Cleaning working directory: C:/Users/lewis/AppData/Local/Temp/UnrealXGEWorkingDir/
[2018.11.05-08.59.46:514][  0]LogXGEController: Cannot use XGE Controller as Incredibuild is not installed on this machine.
[2018.11.05-08.59.46:514][  0]LogShaderCompilers: Cannot use XGE Shader Compiler as Incredibuild is not installed on this machine.
[2018.11.05-08.59.46:514][  0]LogShaderCompilers: Display: Using Local Shader Compiler.
[2018.11.05-08.59.47:290][  0]LogDerivedDataCache: Display: Max Cache Size: 512 MB
[2018.11.05-08.59.47:797][  0]LogDerivedDataCache: Loaded boot cache 0.51s 71MB C:/Users/lewis/AppData/Local/UnrealEngine/4.20/DerivedDataCache/Boot.ddc.
[2018.11.05-08.59.47:797][  0]LogDerivedDataCache: Display: Loaded Boot cache: C:/Users/lewis/AppData/Local/UnrealEngine/4.20/DerivedDataCache/Boot.ddc
[2018.11.05-08.59.47:797][  0]LogDerivedDataCache: FDerivedDataBackendGraph:  Pak pak cache file ../../../../UE4 Current Projects/JamCraft2/JamCraft/DerivedDataCache/DDC.ddp not found, will not use a pak cache.
[2018.11.05-08.59.47:797][  0]LogDerivedDataCache: Unable to find inner node Pak for hierarchical cache Hierarchy.
[2018.11.05-08.59.47:797][  0]LogDerivedDataCache: FDerivedDataBackendGraph:  CompressedPak pak cache file ../../../../UE4 Current Projects/JamCraft2/JamCraft/DerivedDataCache/Compressed.ddp not found, will not use a pak cache.
[2018.11.05-08.59.47:797][  0]LogDerivedDataCache: Unable to find inner node CompressedPak for hierarchical cache Hierarchy.
[2018.11.05-08.59.47:815][  0]LogDerivedDataCache: Display: Pak cache opened for reading ../../../Engine/DerivedDataCache/Compressed.ddp.
[2018.11.05-08.59.47:828][  0]LogDerivedDataCache: Using Local data cache path C:/Users/lewis/AppData/Local/UnrealEngine/Common/DerivedDataCache: Writable
[2018.11.05-08.59.47:828][  0]LogDerivedDataCache: Shared data cache path not found in *engine.ini, will not use an Shared cache.
[2018.11.05-08.59.47:828][  0]LogDerivedDataCache: Unable to find inner node Shared for hierarchical cache Hierarchy.
[2018.11.05-08.59.47:848][  0]LogMaterial: Verifying Global Shaders for PCD3D_SM5
[2018.11.05-08.59.47:857][  0]LogSlate: Using FreeType 2.6.0
[2018.11.05-08.59.47:863][  0]LogSlate: SlateFontServices - WITH_FREETYPE: 1, WITH_HARFBUZZ: 1
[2018.11.05-08.59.48:004][  0]LogAssetRegistry: FAssetRegistry took 0.0286 seconds to start up
[2018.11.05-08.59.48:460][  0]LogInit: Selected Device Profile: [Windows]
[2018.11.05-08.59.48:608][  0]LogSimplygon: Simplygon DLL not present - disabling.
[2018.11.05-08.59.48:626][  0]LogMeshReduction: Using SimplygonSwarm for distributed automatic mesh merging
[2018.11.05-08.59.48:627][  0]LogMeshReduction: Using ProxyLODMeshReduction for automatic mesh merging
[2018.11.05-08.59.48:627][  0]LogMeshReduction: Using QuadricMeshReduction for automatic static mesh reduction
[2018.11.05-08.59.48:627][  0]LogMeshReduction: No automatic skeletal mesh reduction module available
[2018.11.05-08.59.48:772][  0]LogNetVersion: JamCraft 1.0.0, NetCL: 4212847, EngineNetVer: 5, GameNetVer: 0 (Checksum: 1600867895)
[2018.11.05-08.59.49:588][  0]LogPackageLocalizationCache: Processed 11 localized package path(s) for 2 prioritized culture(s) in 0.089948 seconds
[2018.11.05-08.59.49:595][  0]LogUObjectArray: 38425 objects as part of root set at end of initial load.
[2018.11.05-08.59.49:595][  0]LogUObjectAllocator: 6690864 out of 0 bytes used by permanent object pool.
[2018.11.05-08.59.49:595][  0]LogUObjectArray: CloseDisregardForGC: 0/0 objects in disregard for GC pool
[2018.11.05-08.59.51:370][  0]LogTcpMessaging: Initializing TcpMessaging bridge
[2018.11.05-08.59.51:385][  0]LogUdpMessaging: Initializing bridge on interface 0.0.0.0:0 to multicast group 230.0.0.1:6666.
[2018.11.05-08.59.51:634][  0]SourceControl: Source control is disabled
[2018.11.05-08.59.52:225][  0]LogAndroidPermission: UAndroidPermissionCallbackProxy::GetInstance
[2018.11.05-08.59.52:329][  0]LogOcInput: OculusInput pre-init called
[2018.11.05-08.59.52:438][  0]LogEngine: Initializing Engine...
[2018.11.05-08.59.52:441][  0]LogHMD: Failed to initialize OpenVR with code 110
[2018.11.05-08.59.52:444][  0]LogStats: UGameplayTagsManager::ConstructGameplayTagTree: ImportINI prefixes -  0.000 s
[2018.11.05-08.59.52:444][  0]LogStats: UGameplayTagsManager::ConstructGameplayTagTree: Construct from data asset -  0.000 s
[2018.11.05-08.59.52:444][  0]LogStats: UGameplayTagsManager::ConstructGameplayTagTree: ImportINI -  0.000 s
[2018.11.05-08.59.52:445][  0]LogStats: UGameplayTagsManager::ConstructGameplayTagTree: GameplayTagTreeChangedEvent.Broadcast -  0.000 s
[2018.11.05-08.59.52:675][  0]LogInit: Initializing FReadOnlyCVARCache
[2018.11.05-08.59.52:717][  0]LogAIModule: Creating AISystem for world Untitled
[2018.11.05-08.59.52:751][  0]LogInit: XAudio2 using 'Headphones (Realtek High Definition Audio)' : 2 channels at 48 kHz using 32 bits per sample (channel mask 0x3)
[2018.11.05-08.59.52:773][  0]LogInit: FAudioDevice initialized.
[2018.11.05-08.59.52:774][  0]LogNetVersion: Set ProjectVersion to 1.0.0.0. Version Checksum will be recalculated on next use.
[2018.11.05-08.59.52:910][  0]LogDerivedDataCache: Saved boot cache 0.14s 71MB C:/Users/lewis/AppData/Local/UnrealEngine/4.20/DerivedDataCache/Boot.ddc.
[2018.11.05-08.59.52:910][  0]LogInit: Texture streaming: Enabled
[2018.11.05-08.59.52:930][  0]LogEngineSessionManager: EngineSessionManager initialized
[2018.11.05-08.59.52:947][  0]LogInit: Transaction tracking system initialized
[2018.11.05-08.59.52:996][  0]BlueprintLog: New page: Editor Load
[2018.11.05-08.59.53:161][  0]LocalizationService: Localization service is disabled
[2018.11.05-08.59.53:560][  0]LogCook: Display: Max memory allowance for cook 16384mb min free memory 0mb
[2018.11.05-08.59.53:560][  0]LogCook: Display: Mobile HDR setting 1
[2018.11.05-08.59.53:560][  0]LogGameplayTags: Display: UGameplayTagsManager::DoneAddingNativeTags. DelegateIsBound: 0
[2018.11.05-08.59.53:561][  0]LogStats: UGameplayTagsManager::ConstructGameplayTagTree: ImportINI prefixes -  0.000 s
[2018.11.05-08.59.53:561][  0]LogStats: UGameplayTagsManager::ConstructGameplayTagTree: Construct from data asset -  0.000 s
[2018.11.05-08.59.53:561][  0]LogStats: UGameplayTagsManager::ConstructGameplayTagTree: ImportINI -  0.000 s
[2018.11.05-08.59.53:561][  0]LogStats: UGameplayTagsManager::ConstructGameplayTagTree: GameplayTagTreeChangedEvent.Broadcast -  0.000 s
[2018.11.05-08.59.53:793][  0]LogFileCache: Scanning file cache for directory 'D:/UE4 Current Projects/JamCraft2/JamCraft/Content/' took 0.02s
[2018.11.05-08.59.53:793][  0]Cmd: MAP LOAD FILE="../../../../UE4 Current Projects/JamCraft2/JamCraft/Content/Maps/EntryLevel.umap" TEMPLATE=0 SHOWPROGRESS=1 FEATURELEVEL=3
[2018.11.05-08.59.53:794][  0]LightingResults: New page: Lighting Build
[2018.11.05-08.59.53:802][  0]MapCheck: New page: Map Check
[2018.11.05-08.59.53:802][  0]LightingResults: New page: Lighting Build
[2018.11.05-08.59.53:842][  0]LogAIModule: Creating AISystem for world EntryLevel
[2018.11.05-08.59.53:850][  0]LogEditorServer: Finished looking for orphan Actors (0.000 secs)
[2018.11.05-08.59.53:875][  0]Cmd: MAP CHECKDEP NOCLEARLOG
[2018.11.05-08.59.53:915][  0]MapCheck: Map check complete: 0 Error(s), 0 Warning(s), took 39.676ms to complete.
[2018.11.05-08.59.53:915][  0]LogFileHelpers: Loading map 'EntryLevel' took 0.122
[2018.11.05-08.59.54:054][  0]LogCollectionManager: Loaded 0 collections in 0.000819 seconds
[2018.11.05-08.59.54:119][  0]LogFileCache: Scanning file cache for directory 'D:/UE4 Current Projects/JamCraft2/JamCraft/Saved/Collections/' took 0.01s
[2018.11.05-08.59.54:119][  0]LogFileCache: Scanning file cache for directory 'D:/UE4 Current Projects/JamCraft2/JamCraft/Content/Developers/lewis/Collections/' took 0.01s
[2018.11.05-08.59.54:119][  0]LogFileCache: Scanning file cache for directory 'D:/UE4 Current Projects/JamCraft2/JamCraft/Content/Collections/' took 0.01s
[2018.11.05-08.59.54:119][  0]LogCollectionManager: Rebuilt the GUID cache for 0 collections in 0.000001 seconds
[2018.11.05-08.59.54:130][  0]LogContentBrowser: Native class hierarchy populated in 0.0097 seconds. Added 2572 classes and 603 folders.
[2018.11.05-08.59.54:142][  0]LogContentBrowser: Native class hierarchy updated for 'WidgetCarousel' in 0.0002 seconds. Added 0 classes and 0 folders.
[2018.11.05-08.59.54:288][  0]LogContentBrowser: Native class hierarchy updated for 'AddContentDialog' in 0.0003 seconds. Added 0 classes and 0 folders.
[2018.11.05-08.59.54:330][  0]LogSlate: Updating window title bar state: overlay mode, drag disabled, window buttons hidden, title bar hidden
[2018.11.05-08.59.54:338][  0]LogSlate: Updating window title bar state: overlay mode, drag disabled, window buttons hidden, title bar hidden
[2018.11.05-08.59.54:346][  0]LogSlate: Updating window title bar state: overlay mode, drag disabled, window buttons hidden, title bar hidden
[2018.11.05-08.59.54:354][  0]LogSlate: Updating window title bar state: overlay mode, drag disabled, window buttons hidden, title bar hidden
[2018.11.05-08.59.54:366][  0]LogContentBrowser: Native class hierarchy updated for 'SceneOutliner' in 0.0003 seconds. Added 1 classes and 2 folders.
[2018.11.05-08.59.54:500][  0]LogSlate: Took 0.001798 seconds to synchronously load lazily loaded font '../../../Engine/Content/Slate/Fonts/Roboto-Regular.ttf' (155K)
[2018.11.05-08.59.54:504][  0]LogSlate: Took 0.001416 seconds to synchronously load lazily loaded font '../../../Engine/Content/Editor/Slate/Fonts/FontAwesome.ttf' (139K)
[2018.11.05-08.59.54:506][  0]LogSlate: Took 0.001426 seconds to synchronously load lazily loaded font '../../../Engine/Content/Slate/Fonts/Roboto-Bold.ttf' (160K)
[2018.11.05-08.59.54:581][  0]LogRenderer: Reallocating scene render targets to support 1084x892 Format 10 NumSamples 1 (Frame:1).
[2018.11.05-08.59.54:723][  0]LogContentBrowser: Native class hierarchy updated for 'HierarchicalLODOutliner' in 0.0002 seconds. Added 0 classes and 0 folders.
[2018.11.05-08.59.54:723][  0]LogLoad: (Engine Initialization) Total time: 12.48 seconds
[2018.11.05-08.59.54:723][  0]LogLoad: (Engine Initialization) Total Blueprint compile time: 0.00 seconds
[2018.11.05-08.59.54:734][  0]LogWindowsTextInputMethodSystem: Display: IME system now deactivated.
[2018.11.05-08.59.54:767][  0]LogContentStreaming: Texture pool size now 3000 MB
[2018.11.05-08.59.54:825][  0]LogSlate: Took 0.002228 seconds to synchronously load lazily loaded font '../../../Engine/Content/Slate/Fonts/Roboto-Light.ttf' (167K)
[2018.11.05-08.59.54:864][  1]LogAssetRegistry: Asset discovery search completed in 6.8834 seconds
[2018.11.05-08.59.54:867][  1]LogCollectionManager: Rebuilt the object cache for 0 collections in 0.000000 seconds (found 0 objects)
[2018.11.05-08.59.54:867][  1]LogCollectionManager: Fixed up redirectors for 0 collections in 0.000069 seconds (updated 0 objects)
[2018.11.05-08.59.55:837][115]LogSlate: FSceneViewport::OnFocusLost() reason 0
[2018.11.05-09.00.11:849][484]LogSlate: Took 0.000158 seconds to synchronously load lazily loaded font '../../../Engine/Content/Slate/Fonts/Roboto-Light.ttf' (167K)
[2018.11.05-09.00.12:504][484]LogFactory: FactoryCreateFile: StaticMesh with FbxFactory (0 0 C:/Users/lewis/Desktop/MudboxMan.obj)
[2018.11.05-09.00.13:137][484]LogFbx: Loading FBX Scene from C:/Users/lewis/Desktop/MudboxMan.obj
[2018.11.05-09.00.40:380][484]LogFbx: FBX Scene Loaded Succesfully
[2018.11.05-09.01.37:525][484]LogSlate: Window 'FBX Import Options' being destroyed
[2018.11.05-09.01.37:678][484]LogFbx: Warning: Triangulating static mesh humanBody_5
[2018.11.05-09.04.53:391][484]LogStaticMesh: Building static mesh MudboxMan...
[2018.11.05-09.07.41:607][484]LogStaticMesh: Built static mesh [168.22s] /Game/GitLFSTest/MudboxMan.MudboxMan
[2018.11.05-09.07.55:730][484]LogStaticMesh: Warning: MudboxMan has some nearly zero normals which can create some issues. (Tolerance of 1E-4)
[2018.11.05-09.07.55:730][484]LogStaticMesh: Warning: MudboxMan has some nearly zero bi-normals which can create some issues. (Tolerance of 1E-4)
[2018.11.05-09.08.10:941][484]FBXImport: Warning: No smoothing group information was found in this FBX scene.  Please make sure to enable the 'Export Smoothing Groups' option in the FBX Exporter plug-in before exporting the file.  Even for tools that don't support smoothing groups, the FBX Exporter will generate appropriate smoothing data at export-time so that correct vertex normals can be inferred while importing. 
[2018.11.05-09.08.10:941][484]FBXImport: Warning: MudboxMan has some nearly zero normals which can create some issues. (Tolerance of 1E-4) 
[2018.11.05-09.08.10:941][484]FBXImport: Warning: MudboxMan has some nearly zero bi-normals which can create some issues. (Tolerance of 1E-4) 
[2018.11.05-09.11.57:244][216]LogSlate: Window 'Message Log' being destroyed
[2018.11.05-09.11.57:247][216]LogSlate: Window 'Message Log' being destroyed
[2018.11.05-09.12.01:571][531]Cmd: OBJ SAVEPACKAGE PACKAGE="/Game/GitLFSTest/MudboxMan" FILE="../../../../UE4 Current Projects/JamCraft2/JamCraft/Content/GitLFSTest/MudboxMan.uasset" SILENT=true
[2018.11.05-09.12.03:345][531]LogSavePackage: Moving '../../../../UE4 Current Projects/JamCraft2/JamCraft/Saved/MudboxMan1ED74FBF4B23FBD2B4C9728A99261D22.tmp' to '../../../../UE4 Current Projects/JamCraft2/JamCraft/Content/GitLFSTest/MudboxMan.uasset'
[2018.11.05-09.13.32:614][332]SourceControl: fatal: D:/UE_4.20/Engine/Content: 'D:/UE_4.20/Engine/Content' is outside repository
[2018.11.05-09.13.40:665][332]LogSlate: Window 'Submit Files' being destroyed
[2018.11.05-09.13.44:549][332]LogSourceControl: commit successful: [master e819c4a] LFS test !
[2018.11.05-09.13.44:582][332]SourceControl: [master e819c4a] LFS test !
[2018.11.05-09.13.44:582][332]SourceControl:  1 file changed, 0 insertions(+), 0 deletions(-)
[2018.11.05-09.13.44:582][332]SourceControl:  create mode 100644 JamCraft/Content/GitLFSTest/MudboxMan.uasset
[2018.11.05-09.13.44:586][332]SourceControl: Commited [master e819c4a] LFS test !.
[2018.11.05-09.17.10:694][360]LogSlate: Window 'Delete Assets' being destroyed
[2018.11.05-09.17.12:592][360]SourceControl: rm 'JamCraft/Content/GitLFSTest/MudboxMan.uasset'
[2018.11.05-09.17.22:460][514]Cmd: MAP LOAD FILE="../../../../UE4 Current Projects/JamCraft2/JamCraft/Content/Maps/MechanicTesting.umap" TEMPLATE=0 SHOWPROGRESS=1 FEATURELEVEL=3
[2018.11.05-09.17.22:471][514]LightingResults: New page: Lighting Build
[2018.11.05-09.17.22:472][514]LoadErrors: New page: Loading map: MechanicTesting.umap
[2018.11.05-09.17.22:474][514]MapCheck: New page: Map Check
[2018.11.05-09.17.22:474][514]LightingResults: New page: Lighting Build
[2018.11.05-09.17.25:824][514]LogAIModule: Creating AISystem for world MechanicTesting
[2018.11.05-09.17.26:005][514]LogEditorServer: Finished looking for orphan Actors (0.000 secs)
[2018.11.05-09.17.26:077][514]Cmd: MAP CHECKDEP NOCLEARLOG
[2018.11.05-09.17.26:161][514]MapCheck: Map check complete: 0 Error(s), 0 Warning(s), took 83.695ms to complete.
[2018.11.05-09.17.26:161][514]LogFileHelpers: Loading map 'MechanicTesting' took 3.701
[2018.11.05-09.17.26:163][514]LogSlate: Window 'Open Level' being destroyed
[2018.11.05-09.17.27:514][658]LogEditorViewport: Clicking on Actor (LMB): C_CircuitBoard_C (C_CircuitBoard)
[2018.11.05-09.17.29:172][848]LogSlate: FSceneViewport::OnFocusLost() reason 2
[2018.11.05-09.17.29:918][934]LogSlate: FSceneViewport::OnFocusLost() reason 2
[2018.11.05-09.17.29:973][934]LogSlate: FSceneViewport::OnFocusLost() reason 2
[2018.11.05-09.17.30:061][934]Cmd: OBJ SAVEPACKAGE PACKAGE="/Game/Maps/MechanicTesting" FILE="../../../../UE4 Current Projects/JamCraft2/JamCraft/Content/Maps/MechanicTesting.umap" SILENT=true AUTOSAVING=false KEEPDIRTY=false
[2018.11.05-09.17.30:540][934]LogSavePackage: Moving '../../../../UE4 Current Projects/JamCraft2/JamCraft/Saved/MechanicTestingC26645A54098A9E01572859E8A1E760E.tmp' to '../../../../UE4 Current Projects/JamCraft2/JamCraft/Content/Maps/MechanicTesting.umap'
[2018.11.05-09.17.30:569][934]LogFileHelpers: Saving map 'MechanicTesting' took 0.592
[2018.11.05-09.17.31:114][987]LogSlate: FSceneViewport::OnFocusLost() reason 2
[2018.11.05-09.17.32:247][122]SourceControl: fatal: D:/UE_4.20/Engine/Content: 'D:/UE_4.20/Engine/Content' is outside repository
[2018.11.05-09.17.32:331][122]LogSlate: FSceneViewport::OnFocusLost() reason 2
[2018.11.05-09.17.34:499][122]LogSlate: Window 'Submit Files' being destroyed
[2018.11.05-09.17.34:511][122]LogSlate: FSceneViewport::OnFocusLost() reason 2
[2018.11.05-09.17.34:607][122]LogSlate: FSceneViewport::OnFocusLost() reason 2
[2018.11.05-09.17.34:807][122]LogSourceControl: commit successful: [master fee3f56] 123
[2018.11.05-09.17.34:873][122]SourceControl: [master fee3f56] 123
[2018.11.05-09.17.34:873][122]SourceControl:  2 files changed, 0 insertions(+), 0 deletions(-)
[2018.11.05-09.17.34:873][122]SourceControl:  delete mode 100644 JamCraft/Content/GitLFSTest/MudboxMan.uasset
[2018.11.05-09.17.34:878][122]SourceControl: Commited [master fee3f56] 123.
[2018.11.05-09.17.57:214][360]LogDirectoryWatcher: A directory notification failed for 'D:/UE4 Current Projects/JamCraft2/JamCraft/Content/Collections/' because it could not be accessed. Aborting watch request...
[2018.11.05-09.17.57:214][360]LogDirectoryWatcher: A directory notification failed for 'D:/UE4 Current Projects/JamCraft2/JamCraft/Content/Developers/lewis/Collections/' because it could not be accessed. Aborting watch request...
[2018.11.05-09.17.57:547][361]LogDirectoryWatcher: A directory notification failed for 'D:/UE4 Current Projects/JamCraft2/JamCraft/Saved/Collections/' because it could not be accessed. Aborting watch request...
[2018.11.05-09.19.13:331][745]LogSlate: FSceneViewport::OnFocusLost() reason 0
